


ARM Macro Assembler    Page 1 


    1 00000000         ;/******************************************************
                       ********************//**
    2 00000000         ; * @file     startup_ARMCM4.s
    3 00000000         ; * @brief    CMSIS Core Device Startup File for
    4 00000000         ; *           ARMCM4 Device Series
    5 00000000         ; * @version  V1.08
    6 00000000         ; * @date     01. June 2016
    7 00000000         ; *
    8 00000000         ; * @note
    9 00000000         ; * Copyright (C) 2012 ARM Limited. All rights reserved.
                       
   10 00000000         ; *
   11 00000000         ; * @par
   12 00000000         ; * ARM Limited (ARM) is supplying this software for use
                        with Cortex-M 
   13 00000000         ; * processor based microcontrollers.  This file can be 
                       freely distributed 
   14 00000000         ; * within development tools that are supporting such AR
                       M based processors. 
   15 00000000         ; *
   16 00000000         ; * @par
   17 00000000         ; * THIS SOFTWARE IS PROVIDED "AS IS".  NO WARRANTIES, W
                       HETHER EXPRESS, IMPLIED
   18 00000000         ; * OR STATUTORY, INCLUDING, BUT NOT LIMITED TO, IMPLIED
                        WARRANTIES OF
   19 00000000         ; * MERCHANTABILITY AND FITNESS FOR A PARTICULAR PURPOSE
                        APPLY TO THIS SOFTWARE.
   20 00000000         ; * ARM SHALL NOT, IN ANY CIRCUMSTANCES, BE LIABLE FOR S
                       PECIAL, INCIDENTAL, OR
   21 00000000         ; * CONSEQUENTIAL DAMAGES, FOR ANY REASON WHATSOEVER.
   22 00000000         ; *
   23 00000000         ; ******************************************************
                       ************************/
   24 00000000         ;/*
   25 00000000         ;//-------- <<< Use Configuration Wizard in Context Menu
                        >>> ------------------
   26 00000000         ;*/
   27 00000000         
   28 00000000         
   29 00000000         ; <h> Stack Configuration
   30 00000000         ;   <o> Stack Size (in Bytes) <0x0-0xFFFFFFFF:8>
   31 00000000         ; </h>
   32 00000000         
   33 00000000 00000800 
                       Stack_Size
                               EQU              0x0000800   ; origanal 400h
   34 00000000         
   35 00000000                 AREA             STACK, NOINIT, READWRITE, ALIGN
=3
   36 00000000         Stack_Mem
                               SPACE            Stack_Size
   37 00000800         __initial_sp
   38 00000800         
   39 00000800         
   40 00000800         ; <h> Heap Configuration
   41 00000800         ;   <o>  Heap Size (in Bytes) <0x0-0xFFFFFFFF:8>
   42 00000800         ; </h>
   43 00000800         
   44 00000800 00000200 



ARM Macro Assembler    Page 2 


                       Heap_Size
                               EQU              0x00000200
   45 00000800         
   46 00000800                 AREA             HEAP, NOINIT, READWRITE, ALIGN=
3
   47 00000000         __heap_base
   48 00000000         Heap_Mem
                               SPACE            Heap_Size
   49 00000200         __heap_limit
   50 00000200         
   51 00000200         
   52 00000200                 PRESERVE8
   53 00000200                 THUMB
   54 00000200         
   55 00000200         
   56 00000200         ; Vector Table Mapped to Address 0 at Reset
   57 00000200         
   58 00000200                 AREA             RESET, DATA, READONLY
   59 00000000                 EXPORT           __Vectors
   60 00000000         
   61 00000000 00000000 
                       __Vectors
                               DCD              __initial_sp ; Top of Stack
   62 00000004 00000000        DCD              Reset_Handler ; Reset Handler
   63 00000008 00000000        DCD              NMI_Handler ; NMI Handler
   64 0000000C 00000000        DCD              HardFault_Handler ; Hard Fault 
                                                            Handler
   65 00000010 00000000        DCD              0           ; Reserved
   66 00000014 00000000        DCD              0           ; Reserved
   67 00000018 00000000        DCD              0           ; Reserved
   68 0000001C 00000000        DCD              0           ; Reserved
   69 00000020 00000000        DCD              0           ; Reserved
   70 00000024 00000000        DCD              0           ; Reserved
   71 00000028 00000000        DCD              0           ; Reserved
   72 0000002C 00000000        DCD              SVC_Handler ; SVCall Handler
   73 00000030 00000000        DCD              0           ; Reserved
   74 00000034 00000000        DCD              0           ; Reserved
   75 00000038 00000000        DCD              PendSV_Handler ; PendSV Handler
                                                            
   76 0000003C 00000000        DCD              SysTick_Handler 
                                                            ; SysTick Handler
   77 00000040         
   78 00000040         ; External Interrupts
   79 00000040 00000000        DCD              n00_WDG_IRQHandler
   80 00000044 00000000        DCD              n01_DMA_IRQHandler
   81 00000048 00000000        DCD              n02_ADC_IRQHandler
   82 0000004C 00000000        DCD              n03_LVD_IRQHandler
   83 00000050 00000000        DCD              n04_PWM0_IRQHandler
   84 00000054 00000000        DCD              n05_PWM1_IRQHandler
   85 00000058 00000000        DCD              n06_PWM2_IRQHandler
   86 0000005C 00000000        DCD              n07_PWM3_IRQHandler
   87 00000060 00000000        DCD              n08_UART0_IRQHandler
   88 00000064 00000000        DCD              n09_UART1_IRQHandler
   89 00000068 00000000        DCD              n10_TMR0_IRQHandler
   90 0000006C 00000000        DCD              n11_TMR1_IRQHandler
   91 00000070 00000000        DCD              n12_TMR2_IRQHandler
   92 00000074 00000000        DCD              n13_I2C_IRQHandler
   93 00000078 00000000        DCD              n14_SPI_IRQHandler
   94 0000007C 00000000        DCD              n15_GIO_IRQHandler



ARM Macro Assembler    Page 3 


   95 00000080 00000000        DCD              n16_flash_IRQHandler
   96 00000084         
   97 00000084         __Vectors_End
   98 00000084         
   99 00000084 00000084 
                       __Vectors_Size
                               EQU              __Vectors_End - __Vectors
  100 00000084         
  101 00000084         
  102 00000084                 AREA             |.text|, CODE, READONLY
  103 00000000         
  104 00000000         
  105 00000000         ; Reset Handler
  106 00000000         
  107 00000000         Reset_Handler
                               PROC
  108 00000000                 EXPORT           Reset_Handler             [WEAK
]
  109 00000000         ;@                LDR     R2,=0x400600A0              ; 
                       Trim register
  110 00000000         ;@                LDR     R3,=0x0000012D              ; 
                       24MHz
  111 00000000         ;                LDR     R3,=0x00000111              ; 1
                       6MHz
  112 00000000         ;@                STR     R3,[R2]                     ; 
                       soft trim 24MHz
  113 00000000                 IMPORT           SystemInit
  114 00000000 F7FF FFFE       BL               SystemInit
  115 00000004                 IMPORT           __main
  116 00000004 4803            LDR              R0, =__main
  117 00000006 4700            BX               R0
  118 00000008                 ENDP
  119 00000008         
  120 00000008         
  121 00000008         ; Dummy Exception Handlers (infinite loops which can be 
                       modified)
  122 00000008         
  123 00000008         NMI_Handler
                               PROC
  124 00000008                 EXPORT           NMI_Handler               [WEAK
]
  125 00000008 E7FE            B                .
  126 0000000A                 ENDP
  128 0000000A         HardFault_Handler
                               PROC
  129 0000000A                 EXPORT           HardFault_Handler         [WEAK
]
  130 0000000A E7FE            B                .
  131 0000000C                 ENDP
  132 0000000C         SVC_Handler
                               PROC
  133 0000000C                 EXPORT           SVC_Handler               [WEAK
]
  134 0000000C E7FE            B                .
  135 0000000E                 ENDP
  136 0000000E         PendSV_Handler
                               PROC
  137 0000000E                 EXPORT           PendSV_Handler            [WEAK
]



ARM Macro Assembler    Page 4 


  138 0000000E E7FE            B                .
  139 00000010                 ENDP
  140 00000010         SysTick_Handler
                               PROC
  141 00000010                 EXPORT           SysTick_Handler           [WEAK
]
  142 00000010 E7FE            B                .
  143 00000012                 ENDP
  144 00000012         
  145 00000012         Default_Handler
                               PROC
  146 00000012         
  147 00000012                 EXPORT           n00_WDG_IRQHandler    [WEAK]
  148 00000012                 EXPORT           n01_DMA_IRQHandler    [WEAK]
  149 00000012                 EXPORT           n02_ADC_IRQHandler    [WEAK]
  150 00000012                 EXPORT           n03_LVD_IRQHandler    [WEAK]
  151 00000012                 EXPORT           n04_PWM0_IRQHandler   [WEAK]
  152 00000012                 EXPORT           n05_PWM1_IRQHandler   [WEAK]
  153 00000012                 EXPORT           n06_PWM2_IRQHandler   [WEAK]
  154 00000012                 EXPORT           n07_PWM3_IRQHandler   [WEAK]
  155 00000012                 EXPORT           n08_UART0_IRQHandler  [WEAK]
  156 00000012                 EXPORT           n09_UART1_IRQHandler  [WEAK]
  157 00000012                 EXPORT           n10_TMR0_IRQHandler   [WEAK]
  158 00000012                 EXPORT           n11_TMR1_IRQHandler   [WEAK]
  159 00000012                 EXPORT           n12_TMR2_IRQHandler   [WEAK]
  160 00000012                 EXPORT           n13_I2C_IRQHandler    [WEAK]
  161 00000012                 EXPORT           n14_SPI_IRQHandler    [WEAK]
  162 00000012                 EXPORT           n15_GIO_IRQHandler    [WEAK]
  163 00000012                 EXPORT           n16_flash_IRQHandler  [WEAK]
  164 00000012         
  165 00000012         n00_WDG_IRQHandler
  166 00000012         n01_DMA_IRQHandler
  167 00000012         n02_ADC_IRQHandler
  168 00000012         n03_LVD_IRQHandler
  169 00000012         n04_PWM0_IRQHandler
  170 00000012         n05_PWM1_IRQHandler
  171 00000012         n06_PWM2_IRQHandler
  172 00000012         n07_PWM3_IRQHandler
  173 00000012         n08_UART0_IRQHandler
  174 00000012         n09_UART1_IRQHandler
  175 00000012         n10_TMR0_IRQHandler
  176 00000012         n11_TMR1_IRQHandler
  177 00000012         n12_TMR2_IRQHandler
  178 00000012         n13_I2C_IRQHandler
  179 00000012         n14_SPI_IRQHandler
  180 00000012         n15_GIO_IRQHandler
  181 00000012         n16_flash_IRQHandler
  182 00000012         
  183 00000012 E7FE            B                .
  184 00000014                 ENDP
  185 00000014         
  186 00000014         
  187 00000014                 ALIGN
  188 00000014         
  189 00000014         
  190 00000014         ; User Initial Stack & Heap
  191 00000014         
  192 00000014                 IF               :DEF:__MICROLIB
  193 00000014         



ARM Macro Assembler    Page 5 


  194 00000014                 EXPORT           __initial_sp
  195 00000014                 EXPORT           __heap_base
  196 00000014                 EXPORT           __heap_limit
  197 00000014         
  198 00000014                 ELSE
  213                          ENDIF
  214 00000014         
  215 00000014         
  216 00000014                 END
              00000000 
Command Line: --debug --xref --diag_suppress=9931 --cpu=Cortex-M0 --apcs=interw
ork --depend=.\output\startup_as32m0.d -o.\output\startup_as32m0.o -IC:\Users\h
enry\AppData\Local\Arm\Packs\ARM\CMSIS\5.7.0\Device\ARM\ARMCM0\Include -IC:\Kei
l_v5\ARM\CMSIS\Include --predefine="__MICROLIB SETA 1" --predefine="__UVISION_V
ERSION SETA 531" --predefine="ARMCM0 SETA 1" --list=.\listings\startup_as32m0.l
st ..\..\..\as32m0\startup_as32m0.s



ARM Macro Assembler    Page 1 Alphabetic symbol ordering
Relocatable symbols

STACK 00000000

Symbol: STACK
   Definitions
      At line 35 in file ..\..\..\as32m0\startup_as32m0.s
   Uses
      None
Comment: STACK unused
Stack_Mem 00000000

Symbol: Stack_Mem
   Definitions
      At line 36 in file ..\..\..\as32m0\startup_as32m0.s
   Uses
      None
Comment: Stack_Mem unused
__initial_sp 00000800

Symbol: __initial_sp
   Definitions
      At line 37 in file ..\..\..\as32m0\startup_as32m0.s
   Uses
      At line 61 in file ..\..\..\as32m0\startup_as32m0.s
      At line 194 in file ..\..\..\as32m0\startup_as32m0.s

3 symbols



ARM Macro Assembler    Page 1 Alphabetic symbol ordering
Relocatable symbols

HEAP 00000000

Symbol: HEAP
   Definitions
      At line 46 in file ..\..\..\as32m0\startup_as32m0.s
   Uses
      None
Comment: HEAP unused
Heap_Mem 00000000

Symbol: Heap_Mem
   Definitions
      At line 48 in file ..\..\..\as32m0\startup_as32m0.s
   Uses
      None
Comment: Heap_Mem unused
__heap_base 00000000

Symbol: __heap_base
   Definitions
      At line 47 in file ..\..\..\as32m0\startup_as32m0.s
   Uses
      At line 195 in file ..\..\..\as32m0\startup_as32m0.s
Comment: __heap_base used once
__heap_limit 00000200

Symbol: __heap_limit
   Definitions
      At line 49 in file ..\..\..\as32m0\startup_as32m0.s
   Uses
      At line 196 in file ..\..\..\as32m0\startup_as32m0.s
Comment: __heap_limit used once
4 symbols



ARM Macro Assembler    Page 1 Alphabetic symbol ordering
Relocatable symbols

RESET 00000000

Symbol: RESET
   Definitions
      At line 58 in file ..\..\..\as32m0\startup_as32m0.s
   Uses
      None
Comment: RESET unused
__Vectors 00000000

Symbol: __Vectors
   Definitions
      At line 61 in file ..\..\..\as32m0\startup_as32m0.s
   Uses
      At line 59 in file ..\..\..\as32m0\startup_as32m0.s
      At line 99 in file ..\..\..\as32m0\startup_as32m0.s

__Vectors_End 00000084

Symbol: __Vectors_End
   Definitions
      At line 97 in file ..\..\..\as32m0\startup_as32m0.s
   Uses
      At line 99 in file ..\..\..\as32m0\startup_as32m0.s
Comment: __Vectors_End used once
3 symbols



ARM Macro Assembler    Page 1 Alphabetic symbol ordering
Relocatable symbols

.text 00000000

Symbol: .text
   Definitions
      At line 102 in file ..\..\..\as32m0\startup_as32m0.s
   Uses
      None
Comment: .text unused
Default_Handler 00000012

Symbol: Default_Handler
   Definitions
      At line 145 in file ..\..\..\as32m0\startup_as32m0.s
   Uses
      None
Comment: Default_Handler unused
HardFault_Handler 0000000A

Symbol: HardFault_Handler
   Definitions
      At line 128 in file ..\..\..\as32m0\startup_as32m0.s
   Uses
      At line 64 in file ..\..\..\as32m0\startup_as32m0.s
      At line 129 in file ..\..\..\as32m0\startup_as32m0.s

NMI_Handler 00000008

Symbol: NMI_Handler
   Definitions
      At line 123 in file ..\..\..\as32m0\startup_as32m0.s
   Uses
      At line 63 in file ..\..\..\as32m0\startup_as32m0.s
      At line 124 in file ..\..\..\as32m0\startup_as32m0.s

PendSV_Handler 0000000E

Symbol: PendSV_Handler
   Definitions
      At line 136 in file ..\..\..\as32m0\startup_as32m0.s
   Uses
      At line 75 in file ..\..\..\as32m0\startup_as32m0.s
      At line 137 in file ..\..\..\as32m0\startup_as32m0.s

Reset_Handler 00000000

Symbol: Reset_Handler
   Definitions
      At line 107 in file ..\..\..\as32m0\startup_as32m0.s
   Uses
      At line 62 in file ..\..\..\as32m0\startup_as32m0.s
      At line 108 in file ..\..\..\as32m0\startup_as32m0.s

SVC_Handler 0000000C

Symbol: SVC_Handler
   Definitions
      At line 132 in file ..\..\..\as32m0\startup_as32m0.s
   Uses
      At line 72 in file ..\..\..\as32m0\startup_as32m0.s



ARM Macro Assembler    Page 2 Alphabetic symbol ordering
Relocatable symbols

      At line 133 in file ..\..\..\as32m0\startup_as32m0.s

SysTick_Handler 00000010

Symbol: SysTick_Handler
   Definitions
      At line 140 in file ..\..\..\as32m0\startup_as32m0.s
   Uses
      At line 76 in file ..\..\..\as32m0\startup_as32m0.s
      At line 141 in file ..\..\..\as32m0\startup_as32m0.s

n00_WDG_IRQHandler 00000012

Symbol: n00_WDG_IRQHandler
   Definitions
      At line 165 in file ..\..\..\as32m0\startup_as32m0.s
   Uses
      At line 79 in file ..\..\..\as32m0\startup_as32m0.s
      At line 147 in file ..\..\..\as32m0\startup_as32m0.s

n01_DMA_IRQHandler 00000012

Symbol: n01_DMA_IRQHandler
   Definitions
      At line 166 in file ..\..\..\as32m0\startup_as32m0.s
   Uses
      At line 80 in file ..\..\..\as32m0\startup_as32m0.s
      At line 148 in file ..\..\..\as32m0\startup_as32m0.s

n02_ADC_IRQHandler 00000012

Symbol: n02_ADC_IRQHandler
   Definitions
      At line 167 in file ..\..\..\as32m0\startup_as32m0.s
   Uses
      At line 81 in file ..\..\..\as32m0\startup_as32m0.s
      At line 149 in file ..\..\..\as32m0\startup_as32m0.s

n03_LVD_IRQHandler 00000012

Symbol: n03_LVD_IRQHandler
   Definitions
      At line 168 in file ..\..\..\as32m0\startup_as32m0.s
   Uses
      At line 82 in file ..\..\..\as32m0\startup_as32m0.s
      At line 150 in file ..\..\..\as32m0\startup_as32m0.s

n04_PWM0_IRQHandler 00000012

Symbol: n04_PWM0_IRQHandler
   Definitions
      At line 169 in file ..\..\..\as32m0\startup_as32m0.s
   Uses
      At line 83 in file ..\..\..\as32m0\startup_as32m0.s
      At line 151 in file ..\..\..\as32m0\startup_as32m0.s

n05_PWM1_IRQHandler 00000012

Symbol: n05_PWM1_IRQHandler



ARM Macro Assembler    Page 3 Alphabetic symbol ordering
Relocatable symbols

   Definitions
      At line 170 in file ..\..\..\as32m0\startup_as32m0.s
   Uses
      At line 84 in file ..\..\..\as32m0\startup_as32m0.s
      At line 152 in file ..\..\..\as32m0\startup_as32m0.s

n06_PWM2_IRQHandler 00000012

Symbol: n06_PWM2_IRQHandler
   Definitions
      At line 171 in file ..\..\..\as32m0\startup_as32m0.s
   Uses
      At line 85 in file ..\..\..\as32m0\startup_as32m0.s
      At line 153 in file ..\..\..\as32m0\startup_as32m0.s

n07_PWM3_IRQHandler 00000012

Symbol: n07_PWM3_IRQHandler
   Definitions
      At line 172 in file ..\..\..\as32m0\startup_as32m0.s
   Uses
      At line 86 in file ..\..\..\as32m0\startup_as32m0.s
      At line 154 in file ..\..\..\as32m0\startup_as32m0.s

n08_UART0_IRQHandler 00000012

Symbol: n08_UART0_IRQHandler
   Definitions
      At line 173 in file ..\..\..\as32m0\startup_as32m0.s
   Uses
      At line 87 in file ..\..\..\as32m0\startup_as32m0.s
      At line 155 in file ..\..\..\as32m0\startup_as32m0.s

n09_UART1_IRQHandler 00000012

Symbol: n09_UART1_IRQHandler
   Definitions
      At line 174 in file ..\..\..\as32m0\startup_as32m0.s
   Uses
      At line 88 in file ..\..\..\as32m0\startup_as32m0.s
      At line 156 in file ..\..\..\as32m0\startup_as32m0.s

n10_TMR0_IRQHandler 00000012

Symbol: n10_TMR0_IRQHandler
   Definitions
      At line 175 in file ..\..\..\as32m0\startup_as32m0.s
   Uses
      At line 89 in file ..\..\..\as32m0\startup_as32m0.s
      At line 157 in file ..\..\..\as32m0\startup_as32m0.s

n11_TMR1_IRQHandler 00000012

Symbol: n11_TMR1_IRQHandler
   Definitions
      At line 176 in file ..\..\..\as32m0\startup_as32m0.s
   Uses
      At line 90 in file ..\..\..\as32m0\startup_as32m0.s
      At line 158 in file ..\..\..\as32m0\startup_as32m0.s



ARM Macro Assembler    Page 4 Alphabetic symbol ordering
Relocatable symbols


n12_TMR2_IRQHandler 00000012

Symbol: n12_TMR2_IRQHandler
   Definitions
      At line 177 in file ..\..\..\as32m0\startup_as32m0.s
   Uses
      At line 91 in file ..\..\..\as32m0\startup_as32m0.s
      At line 159 in file ..\..\..\as32m0\startup_as32m0.s

n13_I2C_IRQHandler 00000012

Symbol: n13_I2C_IRQHandler
   Definitions
      At line 178 in file ..\..\..\as32m0\startup_as32m0.s
   Uses
      At line 92 in file ..\..\..\as32m0\startup_as32m0.s
      At line 160 in file ..\..\..\as32m0\startup_as32m0.s

n14_SPI_IRQHandler 00000012

Symbol: n14_SPI_IRQHandler
   Definitions
      At line 179 in file ..\..\..\as32m0\startup_as32m0.s
   Uses
      At line 93 in file ..\..\..\as32m0\startup_as32m0.s
      At line 161 in file ..\..\..\as32m0\startup_as32m0.s

n15_GIO_IRQHandler 00000012

Symbol: n15_GIO_IRQHandler
   Definitions
      At line 180 in file ..\..\..\as32m0\startup_as32m0.s
   Uses
      At line 94 in file ..\..\..\as32m0\startup_as32m0.s
      At line 162 in file ..\..\..\as32m0\startup_as32m0.s

n16_flash_IRQHandler 00000012

Symbol: n16_flash_IRQHandler
   Definitions
      At line 181 in file ..\..\..\as32m0\startup_as32m0.s
   Uses
      At line 95 in file ..\..\..\as32m0\startup_as32m0.s
      At line 163 in file ..\..\..\as32m0\startup_as32m0.s

25 symbols



ARM Macro Assembler    Page 1 Alphabetic symbol ordering
Absolute symbols

Heap_Size 00000200

Symbol: Heap_Size
   Definitions
      At line 44 in file ..\..\..\as32m0\startup_as32m0.s
   Uses
      At line 48 in file ..\..\..\as32m0\startup_as32m0.s
Comment: Heap_Size used once
Stack_Size 00000800

Symbol: Stack_Size
   Definitions
      At line 33 in file ..\..\..\as32m0\startup_as32m0.s
   Uses
      At line 36 in file ..\..\..\as32m0\startup_as32m0.s
Comment: Stack_Size used once
__Vectors_Size 00000084

Symbol: __Vectors_Size
   Definitions
      At line 99 in file ..\..\..\as32m0\startup_as32m0.s
   Uses
      None
Comment: __Vectors_Size unused
3 symbols



ARM Macro Assembler    Page 1 Alphabetic symbol ordering
External symbols

SystemInit 00000000

Symbol: SystemInit
   Definitions
      At line 113 in file ..\..\..\as32m0\startup_as32m0.s
   Uses
      At line 114 in file ..\..\..\as32m0\startup_as32m0.s
Comment: SystemInit used once
__main 00000000

Symbol: __main
   Definitions
      At line 115 in file ..\..\..\as32m0\startup_as32m0.s
   Uses
      At line 116 in file ..\..\..\as32m0\startup_as32m0.s
Comment: __main used once
2 symbols
375 symbols in table
